<?xml version="1.0" encoding="UTF-8"?>
<testng-results ignored="0" total="1" passed="1" failed="0" skipped="0">
  <reporter-output>
  </reporter-output>
  <suite started-at="2025-06-20T17:12:26 IST" name="Default suite" finished-at="2025-06-20T17:12:44 IST" duration-ms="17938">
    <groups>
    </groups>
    <test started-at="2025-06-20T17:12:26 IST" name="Default test" finished-at="2025-06-20T17:12:44 IST" duration-ms="17938">
      <class name="testcases.TC06_ContactUsCheck">
        <test-method is-config="true" signature="beforeSuite()[pri:0, instance:testcases.TC06_ContactUsCheck@17f7cd29]" started-at="2025-06-20T17:12:25 IST" name="beforeSuite" finished-at="2025-06-20T17:12:26 IST" duration-ms="381" status="PASS">
          <reporter-output>
          </reporter-output>
        </test-method> <!-- beforeSuite -->
        <test-method is-config="true" signature="beforeTest()[pri:0, instance:testcases.TC06_ContactUsCheck@17f7cd29]" started-at="2025-06-20T17:12:26 IST" name="beforeTest" finished-at="2025-06-20T17:12:26 IST" duration-ms="1" status="PASS">
          <reporter-output>
          </reporter-output>
        </test-method> <!-- beforeTest -->
        <test-method is-config="true" signature="startTestCase()[pri:0, instance:testcases.TC06_ContactUsCheck@17f7cd29]" started-at="2025-06-20T17:12:26 IST" name="startTestCase" finished-at="2025-06-20T17:12:26 IST" duration-ms="0" status="PASS">
          <reporter-output>
          </reporter-output>
        </test-method> <!-- startTestCase -->
        <test-method is-config="true" signature="beforeMethod()[pri:0, instance:testcases.TC06_ContactUsCheck@17f7cd29]" started-at="2025-06-20T17:12:26 IST" name="beforeMethod" finished-at="2025-06-20T17:12:26 IST" duration-ms="10" status="PASS">
          <reporter-output>
          </reporter-output>
        </test-method> <!-- beforeMethod -->
        <test-method signature="landingPageValidation()[pri:0, instance:testcases.TC06_ContactUsCheck@17f7cd29]" started-at="2025-06-20T17:12:26 IST" name="landingPageValidation" finished-at="2025-06-20T17:12:43 IST" duration-ms="17408" status="PASS">
          <reporter-output>
          </reporter-output>
        </test-method> <!-- landingPageValidation -->
        <test-method is-config="true" signature="afterMethod()[pri:0, instance:testcases.TC06_ContactUsCheck@17f7cd29]" started-at="2025-06-20T17:12:43 IST" name="afterMethod" finished-at="2025-06-20T17:12:44 IST" duration-ms="452" status="PASS">
          <reporter-output>
          </reporter-output>
        </test-method> <!-- afterMethod -->
        <test-method is-config="true" signature="afterTest()[pri:0, instance:testcases.TC06_ContactUsCheck@17f7cd29]" started-at="2025-06-20T17:12:44 IST" name="afterTest" finished-at="2025-06-20T17:12:44 IST" duration-ms="0" status="PASS">
          <reporter-output>
          </reporter-output>
        </test-method> <!-- afterTest -->
        <test-method is-config="true" signature="afterSuite()[pri:0, instance:testcases.TC06_ContactUsCheck@17f7cd29]" started-at="2025-06-20T17:12:44 IST" name="afterSuite" finished-at="2025-06-20T17:12:44 IST" duration-ms="410" status="PASS">
          <reporter-output>
          </reporter-output>
        </test-method> <!-- afterSuite -->
      </class> <!-- testcases.TC06_ContactUsCheck -->
    </test> <!-- Default test -->
  </suite> <!-- Default suite -->
</testng-results>
